[INFO] Scanning for projects...
[WARNING] 
[WARNING] Some problems were encountered while building the effective model for com.bootcamp:debat.service.fonctionnel:jar:1.0-SNAPSHOT
[WARNING] 'build.plugins.plugin.version' for org.apache.maven.plugins:maven-compiler-plugin is missing. @ line 233, column 21
[WARNING] 
[WARNING] It is highly recommended to fix these problems because they threaten the stability of your build.
[WARNING] 
[WARNING] For this reason, future Maven versions might no longer support building such malformed projects.
[WARNING] 
[INFO]                                                                         
[INFO] ------------------------------------------------------------------------
[INFO] Building debat.service.fonctionnel 1.0-SNAPSHOT
[INFO] ------------------------------------------------------------------------
[INFO] 
[INFO] >>> spring-boot-maven-plugin:1.5.3.RELEASE:run (default-cli) > test-compile @ debat.service.fonctionnel >>>
[INFO] 
[INFO] --- maven-resources-plugin:2.6:resources (default-resources) @ debat.service.fonctionnel ---
[INFO] Using 'UTF-8' encoding to copy filtered resources.
[INFO] skip non existing resourceDirectory /home/soul/bootcamp/Review Release_1.3.0/clone/debat.service.fonctionnel/src/main/resources
[INFO] skip non existing resourceDirectory /home/soul/bootcamp/Review Release_1.3.0/clone/debat.service.fonctionnel/src/main/resources/dev
[INFO] 
[INFO] --- maven-compiler-plugin:3.2:compile (default-compile) @ debat.service.fonctionnel ---
[INFO] Changes detected - recompiling the module!
[INFO] Compiling 10 source files to /home/soul/bootcamp/Review Release_1.3.0/clone/debat.service.fonctionnel/target/classes
[INFO] 
[INFO] --- maven-resources-plugin:2.6:testResources (default-testResources) @ debat.service.fonctionnel ---
[INFO] Using 'UTF-8' encoding to copy filtered resources.
[INFO] Copying 6 resources
[INFO] 
[INFO] --- maven-compiler-plugin:3.2:testCompile (default-testCompile) @ debat.service.fonctionnel ---
[INFO] Changes detected - recompiling the module!
[INFO] Compiling 3 source files to /home/soul/bootcamp/Review Release_1.3.0/clone/debat.service.fonctionnel/target/test-classes
[INFO] -------------------------------------------------------------
[ERROR] COMPILATION ERROR : 
[INFO] -------------------------------------------------------------
[ERROR] /home/soul/bootcamp/Review Release_1.3.0/clone/debat.service.fonctionnel/src/test/java/com/bootcamp/servcice/DebatServiceTest.java:[128,51] lambda expressions are not supported in -source 1.7
  (use -source 8 or higher to enable lambda expressions)
[ERROR] /home/soul/bootcamp/Review Release_1.3.0/clone/debat.service.fonctionnel/src/test/java/com/bootcamp/controllers/DebatControllerTest.java:[187,51] lambda expressions are not supported in -source 1.7
  (use -source 8 or higher to enable lambda expressions)
[ERROR] /home/soul/bootcamp/Review Release_1.3.0/clone/debat.service.fonctionnel/src/test/java/com/bootcamp/integration/DebatControllerIntegrationTest.java:[316,54] lambda expressions are not supported in -source 1.7
  (use -source 8 or higher to enable lambda expressions)
[INFO] 3 errors 
[INFO] -------------------------------------------------------------
[INFO] ------------------------------------------------------------------------
[INFO] BUILD FAILURE
[INFO] ------------------------------------------------------------------------
[INFO] Total time: 12.920 s
[INFO] Finished at: 2017-12-18T22:22:27+01:00
[INFO] Final Memory: 25M/167M
[INFO] ------------------------------------------------------------------------
[ERROR] Failed to execute goal org.apache.maven.plugins:maven-compiler-plugin:3.2:testCompile (default-testCompile) on project debat.service.fonctionnel: Compilation failure: Compilation failure:
[ERROR] /home/soul/bootcamp/Review Release_1.3.0/clone/debat.service.fonctionnel/src/test/java/com/bootcamp/servcice/DebatServiceTest.java:[128,51] lambda expressions are not supported in -source 1.7
[ERROR] (use -source 8 or higher to enable lambda expressions)
[ERROR] /home/soul/bootcamp/Review Release_1.3.0/clone/debat.service.fonctionnel/src/test/java/com/bootcamp/controllers/DebatControllerTest.java:[187,51] lambda expressions are not supported in -source 1.7
[ERROR] (use -source 8 or higher to enable lambda expressions)
[ERROR] /home/soul/bootcamp/Review Release_1.3.0/clone/debat.service.fonctionnel/src/test/java/com/bootcamp/integration/DebatControllerIntegrationTest.java:[316,54] lambda expressions are not supported in -source 1.7
[ERROR] (use -source 8 or higher to enable lambda expressions)
[ERROR] -> [Help 1]
[ERROR] 
[ERROR] To see the full stack trace of the errors, re-run Maven with the -e switch.
[ERROR] Re-run Maven using the -X switch to enable full debug logging.
[ERROR] 
[ERROR] For more information about the errors and possible solutions, please read the following articles:
[ERROR] [Help 1] http://cwiki.apache.org/confluence/display/MAVEN/MojoFailureException
